{"/mnt/c/Users/ragna/Wompi/backend-storage/src/app.controller.ts": {"path":"/mnt/c/Users/ragna/Wompi/backend-storage/src/app.controller.ts","statementMap":{"0":{"start":{"line":1,"column":0},"end":{"line":1,"column":104}},"1":{"start":{"line":2,"column":0},"end":{"line":2,"column":100}},"2":{"start":{"line":4,"column":0},"end":{"line":4,"column":65}},"3":{"start":{"line":6,"column":0},"end":{"line":6,"column":26}},"4":{"start":{"line":8,"column":17},"end":{"line":8,"column":37}},"5":{"start":{"line":9,"column":0},"end":{"line":9,"column":52}},"6":{"start":{"line":12,"column":7},"end":{"line":222,"column":null}},"7":{"start":{"line":14,"column":21},"end":{"line":14,"column":37}},"8":{"start":{"line":16,"column":21},"end":{"line":16,"column":65}},"9":{"start":{"line":22,"column":4},"end":{"line":22,"column":57}},"10":{"start":{"line":27,"column":4},"end":{"line":27,"column":48}},"11":{"start":{"line":36,"column":22},"end":{"line":36,"column":33}},"12":{"start":{"line":37,"column":30},"end":{"line":37,"column":31}},"13":{"start":{"line":38,"column":29},"end":{"line":38,"column":30}},"14":{"start":{"line":40,"column":28},"end":{"line":48,"column":7}},"15":{"start":{"line":41,"column":29},"end":{"line":41,"column":83}},"16":{"start":{"line":42,"column":26},"end":{"line":42,"column":28}},"17":{"start":{"line":43,"column":10},"end":{"line":46,"column":11}},"18":{"start":{"line":43,"column":23},"end":{"line":43,"column":24}},"19":{"start":{"line":44,"column":29},"end":{"line":44,"column":74}},"20":{"start":{"line":45,"column":14},"end":{"line":45,"column":46}},"21":{"start":{"line":47,"column":10},"end":{"line":47,"column":27}},"22":{"start":{"line":50,"column":29},"end":{"line":58,"column":7}},"23":{"start":{"line":51,"column":29},"end":{"line":51,"column":41}},"24":{"start":{"line":52,"column":26},"end":{"line":52,"column":28}},"25":{"start":{"line":53,"column":10},"end":{"line":56,"column":11}},"26":{"start":{"line":53,"column":23},"end":{"line":53,"column":24}},"27":{"start":{"line":54,"column":29},"end":{"line":54,"column":74}},"28":{"start":{"line":55,"column":14},"end":{"line":55,"column":46}},"29":{"start":{"line":57,"column":10},"end":{"line":57,"column":27}},"30":{"start":{"line":60,"column":22},"end":{"line":60,"column":53}},"31":{"start":{"line":61,"column":21},"end":{"line":61,"column":50}},"32":{"start":{"line":63,"column":6},"end":{"line":63,"column":40}},"33":{"start":{"line":65,"column":21},"end":{"line":65,"column":40}},"34":{"start":{"line":66,"column":24},"end":{"line":72,"column":6}},"35":{"start":{"line":74,"column":4},"end":{"line":107,"column":5}},"36":{"start":{"line":75,"column":28},"end":{"line":75,"column":105}},"37":{"start":{"line":77,"column":6},"end":{"line":80,"column":9}},"38":{"start":{"line":82,"column":6},"end":{"line":89,"column":7}},"39":{"start":{"line":83,"column":24},"end":{"line":83,"column":88}},"40":{"start":{"line":84,"column":8},"end":{"line":88,"column":9}},"41":{"start":{"line":85,"column":10},"end":{"line":87,"column":13}},"42":{"start":{"line":91,"column":6},"end":{"line":96,"column":8}},"43":{"start":{"line":98,"column":6},"end":{"line":101,"column":9}},"44":{"start":{"line":103,"column":6},"end":{"line":106,"column":8}},"45":{"start":{"line":112,"column":4},"end":{"line":220,"column":5}},"46":{"start":{"line":113,"column":24},"end":{"line":113,"column":43}},"47":{"start":{"line":114,"column":27},"end":{"line":117,"column":35}},"48":{"start":{"line":118,"column":23},"end":{"line":118,"column":47}},"49":{"start":{"line":120,"column":6},"end":{"line":122,"column":7}},"50":{"start":{"line":121,"column":8},"end":{"line":121,"column":86}},"51":{"start":{"line":124,"column":24},"end":{"line":137,"column":null}},"52":{"start":{"line":140,"column":31},"end":{"line":141,"column":null}},"53":{"start":{"line":144,"column":24},"end":{"line":144,"column":88}},"54":{"start":{"line":146,"column":26},"end":{"line":146,"column":37}},"55":{"start":{"line":147,"column":34},"end":{"line":147,"column":35}},"56":{"start":{"line":148,"column":33},"end":{"line":148,"column":34}},"57":{"start":{"line":150,"column":32},"end":{"line":158,"column":11}},"58":{"start":{"line":151,"column":33},"end":{"line":151,"column":87}},"59":{"start":{"line":152,"column":30},"end":{"line":152,"column":32}},"60":{"start":{"line":153,"column":14},"end":{"line":156,"column":15}},"61":{"start":{"line":153,"column":27},"end":{"line":153,"column":28}},"62":{"start":{"line":154,"column":33},"end":{"line":154,"column":78}},"63":{"start":{"line":155,"column":18},"end":{"line":155,"column":50}},"64":{"start":{"line":157,"column":14},"end":{"line":157,"column":31}},"65":{"start":{"line":160,"column":33},"end":{"line":168,"column":11}},"66":{"start":{"line":161,"column":33},"end":{"line":161,"column":45}},"67":{"start":{"line":162,"column":30},"end":{"line":162,"column":32}},"68":{"start":{"line":163,"column":14},"end":{"line":166,"column":15}},"69":{"start":{"line":163,"column":27},"end":{"line":163,"column":28}},"70":{"start":{"line":164,"column":33},"end":{"line":164,"column":78}},"71":{"start":{"line":165,"column":18},"end":{"line":165,"column":50}},"72":{"start":{"line":167,"column":14},"end":{"line":167,"column":31}},"73":{"start":{"line":170,"column":26},"end":{"line":170,"column":57}},"74":{"start":{"line":171,"column":25},"end":{"line":171,"column":54}},"75":{"start":{"line":173,"column":10},"end":{"line":173,"column":44}},"76":{"start":{"line":175,"column":25},"end":{"line":175,"column":44}},"77":{"start":{"line":177,"column":30},"end":{"line":177,"column":94}},"78":{"start":{"line":180,"column":27},"end":{"line":180,"column":70}},"79":{"start":{"line":181,"column":25},"end":{"line":181,"column":76}},"80":{"start":{"line":182,"column":24},"end":{"line":182,"column":62}},"81":{"start":{"line":183,"column":24},"end":{"line":183,"column":86}},"82":{"start":{"line":183,"column":45},"end":{"line":183,"column":76}},"83":{"start":{"line":186,"column":28},"end":{"line":205,"column":null}},"84":{"start":{"line":208,"column":6},"end":{"line":210,"column":7}},"85":{"start":{"line":209,"column":8},"end":{"line":209,"column":76}},"86":{"start":{"line":212,"column":6},"end":{"line":216,"column":8}},"87":{"start":{"line":218,"column":6},"end":{"line":218,"column":94}},"88":{"start":{"line":12,"column":13},"end":{"line":12,"column":26}},"89":{"start":{"line":21,"column":2},"end":{"line":23,"column":null}},"90":{"start":{"line":26,"column":8},"end":{"line":28,"column":null}},"91":{"start":{"line":33,"column":8},"end":{"line":109,"column":null}},"92":{"start":{"line":12,"column":13},"end":{"line":222,"column":null}}},"fnMap":{"0":{"name":"(anonymous_4)","decl":{"start":{"line":13,"column":2},"end":{"line":13,"column":null}},"loc":{"start":{"line":16,"column":65},"end":{"line":17,"column":6}}},"1":{"name":"(anonymous_5)","decl":{"start":{"line":21,"column":2},"end":{"line":21,"column":9}},"loc":{"start":{"line":21,"column":9},"end":{"line":23,"column":3}}},"2":{"name":"(anonymous_6)","decl":{"start":{"line":26,"column":2},"end":{"line":26,"column":7}},"loc":{"start":{"line":26,"column":19},"end":{"line":28,"column":3}}},"3":{"name":"(anonymous_7)","decl":{"start":{"line":33,"column":2},"end":{"line":33,"column":7}},"loc":{"start":{"line":33,"column":53},"end":{"line":109,"column":3}}},"4":{"name":"generarReferencia","decl":{"start":{"line":35,"column":13},"end":{"line":35,"column":30}},"loc":{"start":{"line":35,"column":30},"end":{"line":64,"column":3}}},"5":{"name":"(anonymous_9)","decl":{"start":{"line":40,"column":28},"end":{"line":40,"column":29}},"loc":{"start":{"line":40,"column":41},"end":{"line":48,"column":7}}},"6":{"name":"(anonymous_10)","decl":{"start":{"line":50,"column":29},"end":{"line":50,"column":30}},"loc":{"start":{"line":50,"column":42},"end":{"line":58,"column":7}}},"7":{"name":"(anonymous_11)","decl":{"start":{"line":111,"column":10},"end":{"line":111,"column":15}},"loc":{"start":{"line":111,"column":73},"end":{"line":221,"column":3}}},"8":{"name":"generarReferencia","decl":{"start":{"line":145,"column":15},"end":{"line":145,"column":32}},"loc":{"start":{"line":145,"column":32},"end":{"line":174,"column":7}}},"9":{"name":"(anonymous_13)","decl":{"start":{"line":150,"column":32},"end":{"line":150,"column":33}},"loc":{"start":{"line":150,"column":45},"end":{"line":158,"column":11}}},"10":{"name":"(anonymous_14)","decl":{"start":{"line":160,"column":33},"end":{"line":160,"column":34}},"loc":{"start":{"line":160,"column":46},"end":{"line":168,"column":11}}},"11":{"name":"(anonymous_15)","decl":{"start":{"line":183,"column":38},"end":{"line":183,"column":39}},"loc":{"start":{"line":183,"column":45},"end":{"line":183,"column":76}}}},"branchMap":{"0":{"loc":{"start":{"line":78,"column":16},"end":{"line":78,"column":62}},"type":"cond-expr","locations":[{"start":{"line":78,"column":40},"end":{"line":78,"column":51}},{"start":{"line":78,"column":54},"end":{"line":78,"column":62}}]},"1":{"loc":{"start":{"line":82,"column":6},"end":{"line":89,"column":7}},"type":"if","locations":[{"start":{"line":82,"column":6},"end":{"line":89,"column":7}}]},"2":{"loc":{"start":{"line":84,"column":8},"end":{"line":88,"column":9}},"type":"if","locations":[{"start":{"line":84,"column":8},"end":{"line":88,"column":9}}]},"3":{"loc":{"start":{"line":120,"column":6},"end":{"line":122,"column":7}},"type":"if","locations":[{"start":{"line":120,"column":6},"end":{"line":122,"column":7}}]},"4":{"loc":{"start":{"line":120,"column":10},"end":{"line":120,"column":81}},"type":"binary-expr","locations":[{"start":{"line":120,"column":10},"end":{"line":120,"column":26}},{"start":{"line":120,"column":30},"end":{"line":120,"column":44}},{"start":{"line":120,"column":48},"end":{"line":120,"column":64}},{"start":{"line":120,"column":68},"end":{"line":120,"column":81}}]},"5":{"loc":{"start":{"line":208,"column":6},"end":{"line":210,"column":7}},"type":"if","locations":[{"start":{"line":208,"column":6},"end":{"line":210,"column":7}}]}},"s":{"0":1,"1":1,"2":1,"3":1,"4":1,"5":1,"6":1,"7":3,"8":3,"9":1,"10":1,"11":1,"12":1,"13":1,"14":1,"15":1,"16":1,"17":1,"18":1,"19":6,"20":6,"21":1,"22":1,"23":1,"24":1,"25":1,"26":1,"27":6,"28":6,"29":1,"30":1,"31":1,"32":1,"33":1,"34":1,"35":1,"36":1,"37":0,"38":0,"39":0,"40":0,"41":0,"42":0,"43":1,"44":1,"45":1,"46":1,"47":1,"48":1,"49":0,"50":0,"51":0,"52":0,"53":0,"54":0,"55":0,"56":0,"57":0,"58":0,"59":0,"60":0,"61":0,"62":0,"63":0,"64":0,"65":0,"66":0,"67":0,"68":0,"69":0,"70":0,"71":0,"72":0,"73":0,"74":0,"75":0,"76":0,"77":0,"78":0,"79":0,"80":0,"81":0,"82":0,"83":0,"84":0,"85":0,"86":0,"87":1,"88":1,"89":1,"90":1,"91":1,"92":1},"f":{"0":3,"1":1,"2":1,"3":1,"4":1,"5":1,"6":1,"7":1,"8":0,"9":0,"10":0,"11":0},"b":{"0":[0,0],"1":[0],"2":[0],"3":[0],"4":[0,0,0,0],"5":[0]}}
,"/mnt/c/Users/ragna/Wompi/backend-storage/src/main.ts": {"path":"/mnt/c/Users/ragna/Wompi/backend-storage/src/main.ts","statementMap":{"0":{"start":{"line":1,"column":0},"end":{"line":1,"column":43}},"1":{"start":{"line":2,"column":0},"end":{"line":2,"column":41}},"2":{"start":{"line":5,"column":14},"end":{"line":5,"column":49}},"3":{"start":{"line":8,"column":2},"end":{"line":14,"column":5}},"4":{"start":{"line":16,"column":2},"end":{"line":16,"column":45}},"5":{"start":{"line":18,"column":0},"end":{"line":18,"column":12}}},"fnMap":{"0":{"name":"bootstrap","decl":{"start":{"line":4,"column":15},"end":{"line":4,"column":24}},"loc":{"start":{"line":4,"column":24},"end":{"line":17,"column":1}}}},"branchMap":{"0":{"loc":{"start":{"line":16,"column":19},"end":{"line":16,"column":43}},"type":"binary-expr","locations":[{"start":{"line":16,"column":19},"end":{"line":16,"column":35}},{"start":{"line":16,"column":39},"end":{"line":16,"column":43}}]}},"s":{"0":0,"1":0,"2":0,"3":0,"4":0,"5":0},"f":{"0":0},"b":{"0":[0,0]}}
,"/mnt/c/Users/ragna/Wompi/backend-storage/src/config/wompi.config.ts": {"path":"/mnt/c/Users/ragna/Wompi/backend-storage/src/config/wompi.config.ts","statementMap":{"0":{"start":{"line":1,"column":13},"end":{"line":10,"column":2}}},"fnMap":{},"branchMap":{},"s":{"0":1},"f":{},"b":{}}
,"/mnt/c/Users/ragna/Wompi/backend-storage/src/core/domain/product.entity.ts": {"path":"/mnt/c/Users/ragna/Wompi/backend-storage/src/core/domain/product.entity.ts","statementMap":{"0":{"start":{"line":2,"column":16},"end":{"line":2,"column":34}},"1":{"start":{"line":16,"column":7},"end":{"line":44,"column":null}},"2":{"start":{"line":16,"column":13},"end":{"line":16,"column":26}},"3":{"start":{"line":19,"column":2},"end":{"line":19,"column":null}},"4":{"start":{"line":23,"column":2},"end":{"line":23,"column":null}},"5":{"start":{"line":27,"column":2},"end":{"line":27,"column":null}},"6":{"start":{"line":31,"column":2},"end":{"line":31,"column":null}},"7":{"start":{"line":35,"column":2},"end":{"line":35,"column":null}},"8":{"start":{"line":39,"column":2},"end":{"line":39,"column":null}},"9":{"start":{"line":43,"column":2},"end":{"line":43,"column":null}},"10":{"start":{"line":16,"column":13},"end":{"line":44,"column":null}}},"fnMap":{},"branchMap":{},"s":{"0":0,"1":0,"2":0,"3":0,"4":0,"5":0,"6":0,"7":0,"8":0,"9":0,"10":0},"f":{},"b":{}}
,"/mnt/c/Users/ragna/Wompi/backend-storage/src/core/domain/transaction.entity.ts": {"path":"/mnt/c/Users/ragna/Wompi/backend-storage/src/core/domain/transaction.entity.ts","statementMap":{"0":{"start":{"line":2,"column":16},"end":{"line":2,"column":34}},"1":{"start":{"line":27,"column":7},"end":{"line":72,"column":null}},"2":{"start":{"line":27,"column":13},"end":{"line":27,"column":30}},"3":{"start":{"line":30,"column":2},"end":{"line":30,"column":null}},"4":{"start":{"line":34,"column":2},"end":{"line":34,"column":null}},"5":{"start":{"line":38,"column":2},"end":{"line":38,"column":null}},"6":{"start":{"line":42,"column":2},"end":{"line":42,"column":null}},"7":{"start":{"line":46,"column":2},"end":{"line":46,"column":null}},"8":{"start":{"line":50,"column":2},"end":{"line":50,"column":null}},"9":{"start":{"line":54,"column":2},"end":{"line":54,"column":null}},"10":{"start":{"line":58,"column":2},"end":{"line":58,"column":null}},"11":{"start":{"line":62,"column":2},"end":{"line":71,"column":null}},"12":{"start":{"line":27,"column":13},"end":{"line":72,"column":null}}},"fnMap":{},"branchMap":{},"s":{"0":0,"1":0,"2":0,"3":0,"4":0,"5":0,"6":0,"7":0,"8":0,"9":0,"10":0,"11":0,"12":0},"f":{},"b":{}}
,"/mnt/c/Users/ragna/Wompi/backend-storage/src/core/ports/product.repository.ts": {"path":"/mnt/c/Users/ragna/Wompi/backend-storage/src/core/ports/product.repository.ts","statementMap":{"0":{"start":{"line":2,"column":13},"end":{"line":2,"column":54}}},"fnMap":{},"branchMap":{},"s":{"0":1},"f":{},"b":{}}
,"/mnt/c/Users/ragna/Wompi/backend-storage/src/core/ports/transaction.repository.ts": {"path":"/mnt/c/Users/ragna/Wompi/backend-storage/src/core/ports/transaction.repository.ts","statementMap":{"0":{"start":{"line":3,"column":13},"end":{"line":3,"column":63}}},"fnMap":{},"branchMap":{},"s":{"0":1},"f":{},"b":{}}
,"/mnt/c/Users/ragna/Wompi/backend-storage/src/core/services/product.service.ts": {"path":"/mnt/c/Users/ragna/Wompi/backend-storage/src/core/services/product.service.ts","statementMap":{"0":{"start":{"line":1,"column":0},"end":{"line":1,"column":52}},"1":{"start":{"line":2,"column":0},"end":{"line":2,"column":84}},"2":{"start":{"line":6,"column":7},"end":{"line":31,"column":null}},"3":{"start":{"line":9,"column":21},"end":{"line":9,"column":57}},"4":{"start":{"line":13,"column":4},"end":{"line":13,"column":44}},"5":{"start":{"line":17,"column":4},"end":{"line":17,"column":47}},"6":{"start":{"line":21,"column":4},"end":{"line":21,"column":50}},"7":{"start":{"line":25,"column":4},"end":{"line":25,"column":54}},"8":{"start":{"line":29,"column":4},"end":{"line":29,"column":45}},"9":{"start":{"line":6,"column":13},"end":{"line":6,"column":27}},"10":{"start":{"line":6,"column":13},"end":{"line":31,"column":null}}},"fnMap":{"0":{"name":"(anonymous_4)","decl":{"start":{"line":7,"column":2},"end":{"line":7,"column":null}},"loc":{"start":{"line":9,"column":57},"end":{"line":10,"column":6}}},"1":{"name":"(anonymous_5)","decl":{"start":{"line":12,"column":2},"end":{"line":12,"column":7}},"loc":{"start":{"line":12,"column":22},"end":{"line":14,"column":3}}},"2":{"name":"(anonymous_6)","decl":{"start":{"line":16,"column":2},"end":{"line":16,"column":7}},"loc":{"start":{"line":16,"column":33},"end":{"line":18,"column":3}}},"3":{"name":"(anonymous_7)","decl":{"start":{"line":20,"column":2},"end":{"line":20,"column":7}},"loc":{"start":{"line":20,"column":80},"end":{"line":22,"column":3}}},"4":{"name":"(anonymous_8)","decl":{"start":{"line":24,"column":2},"end":{"line":24,"column":7}},"loc":{"start":{"line":24,"column":86},"end":{"line":26,"column":3}}},"5":{"name":"(anonymous_9)","decl":{"start":{"line":28,"column":2},"end":{"line":28,"column":7}},"loc":{"start":{"line":28,"column":32},"end":{"line":30,"column":3}}}},"branchMap":{},"s":{"0":1,"1":1,"2":1,"3":0,"4":0,"5":0,"6":0,"7":0,"8":0,"9":1,"10":1},"f":{"0":0,"1":0,"2":0,"3":0,"4":0,"5":0},"b":{}}
,"/mnt/c/Users/ragna/Wompi/backend-storage/src/infrastructure/repositories/in-memory.product.repository.ts": {"path":"/mnt/c/Users/ragna/Wompi/backend-storage/src/infrastructure/repositories/in-memory.product.repository.ts","statementMap":{"0":{"start":{"line":1,"column":0},"end":{"line":1,"column":44}},"1":{"start":{"line":6,"column":7},"end":{"line":46,"column":null}},"2":{"start":{"line":7,"column":32},"end":{"line":7,"column":34}},"3":{"start":{"line":8,"column":22},"end":{"line":8,"column":23}},"4":{"start":{"line":11,"column":4},"end":{"line":11,"column":25}},"5":{"start":{"line":15,"column":4},"end":{"line":15,"column":56}},"6":{"start":{"line":15,"column":35},"end":{"line":15,"column":46}},"7":{"start":{"line":19,"column":32},"end":{"line":24,"column":6}},"8":{"start":{"line":25,"column":4},"end":{"line":25,"column":35}},"9":{"start":{"line":26,"column":4},"end":{"line":26,"column":22}},"10":{"start":{"line":30,"column":18},"end":{"line":30,"column":59}},"11":{"start":{"line":30,"column":47},"end":{"line":30,"column":58}},"12":{"start":{"line":31,"column":4},"end":{"line":31,"column":34}},"13":{"start":{"line":31,"column":22},"end":{"line":31,"column":34}},"14":{"start":{"line":33,"column":4},"end":{"line":37,"column":6}},"15":{"start":{"line":38,"column":4},"end":{"line":38,"column":32}},"16":{"start":{"line":42,"column":26},"end":{"line":42,"column":46}},"17":{"start":{"line":43,"column":4},"end":{"line":43,"column":59}},"18":{"start":{"line":43,"column":46},"end":{"line":43,"column":57}},"19":{"start":{"line":44,"column":4},"end":{"line":44,"column":50}},"20":{"start":{"line":6,"column":13},"end":{"line":6,"column":38}},"21":{"start":{"line":6,"column":13},"end":{"line":46,"column":null}}},"fnMap":{"0":{"name":"(anonymous_1)","decl":{"start":{"line":10,"column":2},"end":{"line":10,"column":7}},"loc":{"start":{"line":10,"column":15},"end":{"line":12,"column":3}}},"1":{"name":"(anonymous_2)","decl":{"start":{"line":14,"column":2},"end":{"line":14,"column":7}},"loc":{"start":{"line":14,"column":27},"end":{"line":16,"column":3}}},"2":{"name":"(anonymous_3)","decl":{"start":{"line":15,"column":30},"end":{"line":15,"column":31}},"loc":{"start":{"line":15,"column":35},"end":{"line":15,"column":46}}},"3":{"name":"(anonymous_4)","decl":{"start":{"line":18,"column":2},"end":{"line":18,"column":7}},"loc":{"start":{"line":18,"column":73},"end":{"line":27,"column":3}}},"4":{"name":"(anonymous_5)","decl":{"start":{"line":29,"column":2},"end":{"line":29,"column":7}},"loc":{"start":{"line":29,"column":79},"end":{"line":39,"column":3}}},"5":{"name":"(anonymous_6)","decl":{"start":{"line":30,"column":42},"end":{"line":30,"column":43}},"loc":{"start":{"line":30,"column":47},"end":{"line":30,"column":58}}},"6":{"name":"(anonymous_7)","decl":{"start":{"line":41,"column":2},"end":{"line":41,"column":7}},"loc":{"start":{"line":41,"column":25},"end":{"line":45,"column":3}}},"7":{"name":"(anonymous_8)","decl":{"start":{"line":43,"column":41},"end":{"line":43,"column":42}},"loc":{"start":{"line":43,"column":46},"end":{"line":43,"column":57}}}},"branchMap":{"0":{"loc":{"start":{"line":15,"column":11},"end":{"line":15,"column":55}},"type":"binary-expr","locations":[{"start":{"line":15,"column":11},"end":{"line":15,"column":47}},{"start":{"line":15,"column":51},"end":{"line":15,"column":55}}]},"1":{"loc":{"start":{"line":31,"column":4},"end":{"line":31,"column":34}},"type":"if","locations":[{"start":{"line":31,"column":4},"end":{"line":31,"column":34}}]}},"s":{"0":0,"1":0,"2":0,"3":0,"4":0,"5":0,"6":0,"7":0,"8":0,"9":0,"10":0,"11":0,"12":0,"13":0,"14":0,"15":0,"16":0,"17":0,"18":0,"19":0,"20":0,"21":0},"f":{"0":0,"1":0,"2":0,"3":0,"4":0,"5":0,"6":0,"7":0},"b":{"0":[0,0],"1":[0]}}
,"/mnt/c/Users/ragna/Wompi/backend-storage/src/infrastructure/repositories/in-memory.transaction.repository.ts": {"path":"/mnt/c/Users/ragna/Wompi/backend-storage/src/infrastructure/repositories/in-memory.transaction.repository.ts","statementMap":{"0":{"start":{"line":1,"column":0},"end":{"line":1,"column":44}},"1":{"start":{"line":6,"column":7},"end":{"line":35,"column":null}},"2":{"start":{"line":7,"column":40},"end":{"line":7,"column":42}},"3":{"start":{"line":10,"column":40},"end":{"line":15,"column":6}},"4":{"start":{"line":16,"column":4},"end":{"line":16,"column":43}},"5":{"start":{"line":17,"column":4},"end":{"line":17,"column":26}},"6":{"start":{"line":21,"column":18},"end":{"line":21,"column":63}},"7":{"start":{"line":21,"column":51},"end":{"line":21,"column":62}},"8":{"start":{"line":22,"column":4},"end":{"line":22,"column":34}},"9":{"start":{"line":22,"column":22},"end":{"line":22,"column":34}},"10":{"start":{"line":24,"column":4},"end":{"line":28,"column":6}},"11":{"start":{"line":29,"column":4},"end":{"line":29,"column":36}},"12":{"start":{"line":33,"column":4},"end":{"line":33,"column":74}},"13":{"start":{"line":33,"column":39},"end":{"line":33,"column":64}},"14":{"start":{"line":6,"column":13},"end":{"line":6,"column":42}},"15":{"start":{"line":6,"column":13},"end":{"line":35,"column":null}}},"fnMap":{"0":{"name":"(anonymous_1)","decl":{"start":{"line":9,"column":2},"end":{"line":9,"column":7}},"loc":{"start":{"line":9,"column":75},"end":{"line":18,"column":3}}},"1":{"name":"(anonymous_2)","decl":{"start":{"line":20,"column":2},"end":{"line":20,"column":7}},"loc":{"start":{"line":20,"column":56},"end":{"line":30,"column":3}}},"2":{"name":"(anonymous_3)","decl":{"start":{"line":21,"column":46},"end":{"line":21,"column":47}},"loc":{"start":{"line":21,"column":51},"end":{"line":21,"column":62}}},"3":{"name":"(anonymous_4)","decl":{"start":{"line":32,"column":2},"end":{"line":32,"column":7}},"loc":{"start":{"line":32,"column":41},"end":{"line":34,"column":3}}},"4":{"name":"(anonymous_5)","decl":{"start":{"line":33,"column":34},"end":{"line":33,"column":35}},"loc":{"start":{"line":33,"column":39},"end":{"line":33,"column":64}}}},"branchMap":{"0":{"loc":{"start":{"line":22,"column":4},"end":{"line":22,"column":34}},"type":"if","locations":[{"start":{"line":22,"column":4},"end":{"line":22,"column":34}}]},"1":{"loc":{"start":{"line":33,"column":11},"end":{"line":33,"column":73}},"type":"binary-expr","locations":[{"start":{"line":33,"column":11},"end":{"line":33,"column":65}},{"start":{"line":33,"column":69},"end":{"line":33,"column":73}}]}},"s":{"0":0,"1":0,"2":0,"3":0,"4":0,"5":0,"6":0,"7":0,"8":0,"9":0,"10":0,"11":0,"12":0,"13":0,"14":0,"15":0},"f":{"0":0,"1":0,"2":0,"3":0,"4":0},"b":{"0":[0],"1":[0,0]}}
,"/mnt/c/Users/ragna/Wompi/backend-storage/src/infrastructure/repositories/typeorm.product.repository.ts": {"path":"/mnt/c/Users/ragna/Wompi/backend-storage/src/infrastructure/repositories/typeorm.product.repository.ts","statementMap":{"0":{"start":{"line":1,"column":0},"end":{"line":1,"column":44}},"1":{"start":{"line":3,"column":20},"end":{"line":3,"column":46}},"2":{"start":{"line":5,"column":16},"end":{"line":5,"column":34}},"3":{"start":{"line":7,"column":0},"end":{"line":7,"column":74}},"4":{"start":{"line":10,"column":7},"end":{"line":57,"column":null}},"5":{"start":{"line":15,"column":21},"end":{"line":15,"column":33}},"6":{"start":{"line":19,"column":21},"end":{"line":21,"column":6}},"7":{"start":{"line":22,"column":4},"end":{"line":22,"column":39}},"8":{"start":{"line":26,"column":19},"end":{"line":26,"column":67}},"9":{"start":{"line":27,"column":4},"end":{"line":27,"column":49}},"10":{"start":{"line":31,"column":19},"end":{"line":31,"column":50}},"11":{"start":{"line":32,"column":18},"end":{"line":32,"column":52}},"12":{"start":{"line":33,"column":4},"end":{"line":33,"column":32}},"13":{"start":{"line":37,"column":4},"end":{"line":37,"column":46}},"14":{"start":{"line":38,"column":4},"end":{"line":38,"column":29}},"15":{"start":{"line":42,"column":19},"end":{"line":42,"column":51}},"16":{"start":{"line":43,"column":4},"end":{"line":43,"column":38}},"17":{"start":{"line":47,"column":4},"end":{"line":55,"column":6}},"18":{"start":{"line":10,"column":13},"end":{"line":10,"column":37}},"19":{"start":{"line":10,"column":13},"end":{"line":57,"column":null}}},"fnMap":{"0":{"name":"(anonymous_4)","decl":{"start":{"line":11,"column":2},"end":{"line":11,"column":null}},"loc":{"start":{"line":15,"column":66},"end":{"line":16,"column":6}}},"1":{"name":"(anonymous_5)","decl":{"start":{"line":18,"column":2},"end":{"line":18,"column":7}},"loc":{"start":{"line":18,"column":15},"end":{"line":23,"column":3}}},"2":{"name":"(anonymous_6)","decl":{"start":{"line":25,"column":2},"end":{"line":25,"column":7}},"loc":{"start":{"line":25,"column":27},"end":{"line":28,"column":3}}},"3":{"name":"(anonymous_7)","decl":{"start":{"line":30,"column":2},"end":{"line":30,"column":7}},"loc":{"start":{"line":30,"column":73},"end":{"line":34,"column":3}}},"4":{"name":"(anonymous_8)","decl":{"start":{"line":36,"column":2},"end":{"line":36,"column":7}},"loc":{"start":{"line":36,"column":79},"end":{"line":39,"column":3}}},"5":{"name":"(anonymous_9)","decl":{"start":{"line":41,"column":2},"end":{"line":41,"column":7}},"loc":{"start":{"line":41,"column":25},"end":{"line":44,"column":3}}},"6":{"name":"(anonymous_10)","decl":{"start":{"line":46,"column":10},"end":{"line":46,"column":18}},"loc":{"start":{"line":46,"column":40},"end":{"line":56,"column":3}}}},"branchMap":{"0":{"loc":{"start":{"line":27,"column":11},"end":{"line":27,"column":48}},"type":"cond-expr","locations":[{"start":{"line":27,"column":20},"end":{"line":27,"column":41}},{"start":{"line":27,"column":44},"end":{"line":27,"column":48}}]},"1":{"loc":{"start":{"line":43,"column":12},"end":{"line":43,"column":32}},"type":"binary-expr","locations":[{"start":{"line":43,"column":12},"end":{"line":43,"column":27}},{"start":{"line":43,"column":31},"end":{"line":43,"column":32}}]},"2":{"loc":{"start":{"line":15,"column":33},"end":{"line":15,"column":66}},"type":"cond-expr","locations":[{"start":{"line":15,"column":51},"end":{"line":15,"column":66}},{"start":{"line":15,"column":51},"end":{"line":15,"column":66}}]},"3":{"loc":{"start":{"line":15,"column":33},"end":{"line":15,"column":51}},"type":"binary-expr","locations":[{"start":{"line":15,"column":33},"end":{"line":15,"column":41}},{"start":{"line":15,"column":33},"end":{"line":15,"column":51}}]}},"s":{"0":0,"1":0,"2":0,"3":0,"4":0,"5":0,"6":0,"7":0,"8":0,"9":0,"10":0,"11":0,"12":0,"13":0,"14":0,"15":0,"16":0,"17":0,"18":0,"19":0},"f":{"0":0,"1":0,"2":0,"3":0,"4":0,"5":0,"6":0},"b":{"0":[0,0],"1":[0,0],"2":[0,0],"3":[0,0]}}
,"/mnt/c/Users/ragna/Wompi/backend-storage/src/infrastructure/repositories/typeorm.transaction.repository.ts": {"path":"/mnt/c/Users/ragna/Wompi/backend-storage/src/infrastructure/repositories/typeorm.transaction.repository.ts","statementMap":{"0":{"start":{"line":1,"column":0},"end":{"line":1,"column":44}},"1":{"start":{"line":3,"column":20},"end":{"line":3,"column":46}},"2":{"start":{"line":5,"column":16},"end":{"line":5,"column":34}},"3":{"start":{"line":7,"column":0},"end":{"line":7,"column":86}},"4":{"start":{"line":10,"column":7},"end":{"line":47,"column":null}},"5":{"start":{"line":15,"column":21},"end":{"line":15,"column":33}},"6":{"start":{"line":19,"column":19},"end":{"line":19,"column":54}},"7":{"start":{"line":20,"column":18},"end":{"line":20,"column":52}},"8":{"start":{"line":21,"column":4},"end":{"line":21,"column":32}},"9":{"start":{"line":25,"column":4},"end":{"line":25,"column":46}},"10":{"start":{"line":26,"column":4},"end":{"line":26,"column":36}},"11":{"start":{"line":30,"column":19},"end":{"line":30,"column":74}},"12":{"start":{"line":31,"column":4},"end":{"line":31,"column":49}},"13":{"start":{"line":35,"column":4},"end":{"line":45,"column":6}},"14":{"start":{"line":10,"column":13},"end":{"line":10,"column":41}},"15":{"start":{"line":10,"column":13},"end":{"line":47,"column":null}}},"fnMap":{"0":{"name":"(anonymous_4)","decl":{"start":{"line":11,"column":2},"end":{"line":11,"column":null}},"loc":{"start":{"line":15,"column":70},"end":{"line":16,"column":6}}},"1":{"name":"(anonymous_5)","decl":{"start":{"line":18,"column":2},"end":{"line":18,"column":7}},"loc":{"start":{"line":18,"column":75},"end":{"line":22,"column":3}}},"2":{"name":"(anonymous_6)","decl":{"start":{"line":24,"column":2},"end":{"line":24,"column":7}},"loc":{"start":{"line":24,"column":56},"end":{"line":27,"column":3}}},"3":{"name":"(anonymous_7)","decl":{"start":{"line":29,"column":2},"end":{"line":29,"column":7}},"loc":{"start":{"line":29,"column":41},"end":{"line":32,"column":3}}},"4":{"name":"(anonymous_8)","decl":{"start":{"line":34,"column":10},"end":{"line":34,"column":18}},"loc":{"start":{"line":34,"column":44},"end":{"line":46,"column":3}}}},"branchMap":{"0":{"loc":{"start":{"line":31,"column":11},"end":{"line":31,"column":48}},"type":"cond-expr","locations":[{"start":{"line":31,"column":20},"end":{"line":31,"column":41}},{"start":{"line":31,"column":44},"end":{"line":31,"column":48}}]},"1":{"loc":{"start":{"line":15,"column":33},"end":{"line":15,"column":70}},"type":"cond-expr","locations":[{"start":{"line":15,"column":51},"end":{"line":15,"column":70}},{"start":{"line":15,"column":51},"end":{"line":15,"column":70}}]},"2":{"loc":{"start":{"line":15,"column":33},"end":{"line":15,"column":51}},"type":"binary-expr","locations":[{"start":{"line":15,"column":33},"end":{"line":15,"column":41}},{"start":{"line":15,"column":33},"end":{"line":15,"column":51}}]}},"s":{"0":0,"1":0,"2":0,"3":0,"4":0,"5":0,"6":0,"7":0,"8":0,"9":0,"10":0,"11":0,"12":0,"13":0,"14":0,"15":0},"f":{"0":0,"1":0,"2":0,"3":0,"4":0},"b":{"0":[0,0],"1":[0,0],"2":[0,0]}}
,"/mnt/c/Users/ragna/Wompi/backend-storage/src/types/typeorm.d.ts": {"path":"/mnt/c/Users/ragna/Wompi/backend-storage/src/types/typeorm.d.ts","statementMap":{},"fnMap":{},"branchMap":{},"s":{},"f":{},"b":{}}
}
