TN:
SF:src/app.controller.ts
FN:13,(anonymous_4)
FN:21,(anonymous_5)
FN:26,(anonymous_6)
FN:33,(anonymous_7)
FN:35,generarReferencia
FN:40,(anonymous_9)
FN:50,(anonymous_10)
FN:111,(anonymous_11)
FN:145,generarReferencia
FN:150,(anonymous_13)
FN:160,(anonymous_14)
FN:183,(anonymous_15)
FNF:12
FNH:8
FNDA:3,(anonymous_4)
FNDA:1,(anonymous_5)
FNDA:1,(anonymous_6)
FNDA:1,(anonymous_7)
FNDA:1,generarReferencia
FNDA:1,(anonymous_9)
FNDA:1,(anonymous_10)
FNDA:1,(anonymous_11)
FNDA:0,generarReferencia
FNDA:0,(anonymous_13)
FNDA:0,(anonymous_14)
FNDA:0,(anonymous_15)
DA:1,1
DA:2,1
DA:4,1
DA:6,1
DA:8,1
DA:9,1
DA:12,1
DA:14,3
DA:16,3
DA:21,1
DA:22,1
DA:26,1
DA:27,1
DA:33,1
DA:36,1
DA:37,1
DA:38,1
DA:40,1
DA:41,1
DA:42,1
DA:43,1
DA:44,6
DA:45,6
DA:47,1
DA:50,1
DA:51,1
DA:52,1
DA:53,1
DA:54,6
DA:55,6
DA:57,1
DA:60,1
DA:61,1
DA:63,1
DA:65,1
DA:66,1
DA:74,1
DA:75,1
DA:77,0
DA:82,0
DA:83,0
DA:84,0
DA:85,0
DA:91,0
DA:98,1
DA:103,1
DA:112,1
DA:113,1
DA:114,1
DA:118,1
DA:120,0
DA:121,0
DA:124,0
DA:140,0
DA:144,0
DA:146,0
DA:147,0
DA:148,0
DA:150,0
DA:151,0
DA:152,0
DA:153,0
DA:154,0
DA:155,0
DA:157,0
DA:160,0
DA:161,0
DA:162,0
DA:163,0
DA:164,0
DA:165,0
DA:167,0
DA:170,0
DA:171,0
DA:173,0
DA:175,0
DA:177,0
DA:180,0
DA:181,0
DA:182,0
DA:183,0
DA:186,0
DA:208,0
DA:209,0
DA:212,0
DA:218,1
LF:86
LH:45
BRDA:78,0,0,0
BRDA:78,0,1,0
BRDA:82,1,0,0
BRDA:84,2,0,0
BRDA:120,3,0,0
BRDA:120,4,0,0
BRDA:120,4,1,0
BRDA:120,4,2,0
BRDA:120,4,3,0
BRDA:208,5,0,0
BRF:10
BRH:0
end_of_record
TN:
SF:src/main.ts
FN:4,bootstrap
FNF:1
FNH:0
FNDA:0,bootstrap
DA:1,0
DA:2,0
DA:5,0
DA:8,0
DA:16,0
DA:18,0
LF:6
LH:0
BRDA:16,0,0,0
BRDA:16,0,1,0
BRF:2
BRH:0
end_of_record
TN:
SF:src/config/wompi.config.ts
FNF:0
FNH:0
DA:1,1
LF:1
LH:1
BRF:0
BRH:0
end_of_record
TN:
SF:src/core/domain/product.entity.ts
FNF:0
FNH:0
DA:2,0
DA:16,0
DA:19,0
DA:23,0
DA:27,0
DA:31,0
DA:35,0
DA:39,0
DA:43,0
LF:9
LH:0
BRF:0
BRH:0
end_of_record
TN:
SF:src/core/domain/transaction.entity.ts
FNF:0
FNH:0
DA:2,0
DA:27,0
DA:30,0
DA:34,0
DA:38,0
DA:42,0
DA:46,0
DA:50,0
DA:54,0
DA:58,0
DA:62,0
LF:11
LH:0
BRF:0
BRH:0
end_of_record
TN:
SF:src/core/ports/product.repository.ts
FNF:0
FNH:0
DA:2,1
LF:1
LH:1
BRF:0
BRH:0
end_of_record
TN:
SF:src/core/ports/transaction.repository.ts
FNF:0
FNH:0
DA:3,1
LF:1
LH:1
BRF:0
BRH:0
end_of_record
TN:
SF:src/core/services/product.service.ts
FN:7,(anonymous_4)
FN:12,(anonymous_5)
FN:16,(anonymous_6)
FN:20,(anonymous_7)
FN:24,(anonymous_8)
FN:28,(anonymous_9)
FNF:6
FNH:0
FNDA:0,(anonymous_4)
FNDA:0,(anonymous_5)
FNDA:0,(anonymous_6)
FNDA:0,(anonymous_7)
FNDA:0,(anonymous_8)
FNDA:0,(anonymous_9)
DA:1,1
DA:2,1
DA:6,1
DA:9,0
DA:13,0
DA:17,0
DA:21,0
DA:25,0
DA:29,0
LF:9
LH:3
BRF:0
BRH:0
end_of_record
TN:
SF:src/infrastructure/repositories/in-memory.product.repository.ts
FN:10,(anonymous_1)
FN:14,(anonymous_2)
FN:15,(anonymous_3)
FN:18,(anonymous_4)
FN:29,(anonymous_5)
FN:30,(anonymous_6)
FN:41,(anonymous_7)
FN:43,(anonymous_8)
FNF:8
FNH:0
FNDA:0,(anonymous_1)
FNDA:0,(anonymous_2)
FNDA:0,(anonymous_3)
FNDA:0,(anonymous_4)
FNDA:0,(anonymous_5)
FNDA:0,(anonymous_6)
FNDA:0,(anonymous_7)
FNDA:0,(anonymous_8)
DA:1,0
DA:6,0
DA:7,0
DA:8,0
DA:11,0
DA:15,0
DA:19,0
DA:25,0
DA:26,0
DA:30,0
DA:31,0
DA:33,0
DA:38,0
DA:42,0
DA:43,0
DA:44,0
LF:16
LH:0
BRDA:15,0,0,0
BRDA:15,0,1,0
BRDA:31,1,0,0
BRF:3
BRH:0
end_of_record
TN:
SF:src/infrastructure/repositories/in-memory.transaction.repository.ts
FN:9,(anonymous_1)
FN:20,(anonymous_2)
FN:21,(anonymous_3)
FN:32,(anonymous_4)
FN:33,(anonymous_5)
FNF:5
FNH:0
FNDA:0,(anonymous_1)
FNDA:0,(anonymous_2)
FNDA:0,(anonymous_3)
FNDA:0,(anonymous_4)
FNDA:0,(anonymous_5)
DA:1,0
DA:6,0
DA:7,0
DA:10,0
DA:16,0
DA:17,0
DA:21,0
DA:22,0
DA:24,0
DA:29,0
DA:33,0
LF:11
LH:0
BRDA:22,0,0,0
BRDA:33,1,0,0
BRDA:33,1,1,0
BRF:3
BRH:0
end_of_record
TN:
SF:src/infrastructure/repositories/typeorm.product.repository.ts
FN:11,(anonymous_4)
FN:18,(anonymous_5)
FN:25,(anonymous_6)
FN:30,(anonymous_7)
FN:36,(anonymous_8)
FN:41,(anonymous_9)
FN:46,(anonymous_10)
FNF:7
FNH:0
FNDA:0,(anonymous_4)
FNDA:0,(anonymous_5)
FNDA:0,(anonymous_6)
FNDA:0,(anonymous_7)
FNDA:0,(anonymous_8)
FNDA:0,(anonymous_9)
FNDA:0,(anonymous_10)
DA:1,0
DA:3,0
DA:5,0
DA:7,0
DA:10,0
DA:15,0
DA:19,0
DA:22,0
DA:26,0
DA:27,0
DA:31,0
DA:32,0
DA:33,0
DA:37,0
DA:38,0
DA:42,0
DA:43,0
DA:47,0
LF:18
LH:0
BRDA:27,0,0,0
BRDA:27,0,1,0
BRDA:43,1,0,0
BRDA:43,1,1,0
BRDA:15,2,0,0
BRDA:15,2,1,0
BRDA:15,3,0,0
BRDA:15,3,1,0
BRF:8
BRH:0
end_of_record
TN:
SF:src/infrastructure/repositories/typeorm.transaction.repository.ts
FN:11,(anonymous_4)
FN:18,(anonymous_5)
FN:24,(anonymous_6)
FN:29,(anonymous_7)
FN:34,(anonymous_8)
FNF:5
FNH:0
FNDA:0,(anonymous_4)
FNDA:0,(anonymous_5)
FNDA:0,(anonymous_6)
FNDA:0,(anonymous_7)
FNDA:0,(anonymous_8)
DA:1,0
DA:3,0
DA:5,0
DA:7,0
DA:10,0
DA:15,0
DA:19,0
DA:20,0
DA:21,0
DA:25,0
DA:26,0
DA:30,0
DA:31,0
DA:35,0
LF:14
LH:0
BRDA:31,0,0,0
BRDA:31,0,1,0
BRDA:15,1,0,0
BRDA:15,1,1,0
BRDA:15,2,0,0
BRDA:15,2,1,0
BRF:6
BRH:0
end_of_record
TN:
SF:src/types/typeorm.d.ts
FNF:0
FNH:0
LF:0
LH:0
BRF:0
BRH:0
end_of_record
